2025-10-30 20:58:58 - Request: Array
(
    [identifier] => Chalce
    [password] => ShadowFight2
)

2025-10-31 13:38:35 - Request: Array
(
    [identifier] => Chalce
    [password] => ShadowFight2
)

2025-10-31 17:13:02 - Request: Array
(
    [identifier] => Chalce
    [password] => ShadowFight2
)

2025-10-31 18:10:51 - Request: Array
(
    [identifier] => admin
    [password] => admin@gmail.com
)

2025-10-31 18:11:54 - Request: Array
(
    [identifier] => admin
    [password] => admin@waterbill.ng
)

2025-10-31 18:12:18 - Request: Array
(
    [identifier] => admin
    [password] => admin@gmail.com
)

2025-10-31 18:13:34 - Request: Array
(
    [identifier] => admin@waterbill.ng
    [password] => password
)

2025-10-31 18:33:32 - Request: Array
(
    [identifier] => Chalce
    [password] => ShadowFight2
)

2025-10-31 18:33:57 - Request: Array
(
    [identifier] => Chalce
    [password] => ShadowFight2
)

2025-10-31 18:34:15 - Request: Array
(
    [identifier] => Chalce
    [password] => ShadowFight2
)

2025-10-31 20:00:36 - Request: Array
(
    [identifier] => Chalcedony
    [password] => ShadowFight2
)

2025-10-31 20:12:00 - Request: Array
(
    [identifier] => admin@waterbill.ng
    [password] => admin@waterbill.ng
)

2025-10-31 20:12:45 - Request: Array
(
    [identifier] => Chalcedony
    [password] => ShadowFight2
)

2025-10-31 20:13:11 - Request: Array
(
    [identifier] => admin2
    [password] => admin@waterbill.ng
)

2025-10-31 20:13:16 - Request: Array
(
    [identifier] => admin2
    [password] => admin@waterbill.ng
)

2025-10-31 20:13:32 - Request: Array
(
    [identifier] => admin2@waterbill.ng
    [password] => admin@waterbill.ng
)

2025-10-31 20:24:47 - Request: Array
(
    [identifier] => Chalce
    [password] => ShadowFight2
)

2025-10-31 20:28:12 - Request: Array
(
    [identifier] => Chalcedony
    [password] => ShadowFight2
)

2025-11-01 14:13:01 - Request: Array
(
    [identifier] => Chalce
    [password] => ShadowFight2
)

2025-11-01 14:58:54 - Request: Array
(
    [identifier] => Chalcedony
    [password] => ShadowFight2
)

2025-11-01 14:59:12 - Request: Array
(
    [identifier] => ThatNewGuy23
    [password] => SonicTheHedgehog
)

2025-11-01 16:52:20 - Request: Array
(
    [identifier] => chalce
    [password] => ShadowFight2
)

2025-11-01 20:51:48 - Request: Array
(
    [identifier] => ThatNewGuy23
    [password] => SonicTheHedgehog
)

2025-11-02 12:13:54 - Request: Array
(
    [identifier] => admin
    [password] => admin@waterbill.ng
)

2025-11-02 12:14:02 - Request: Array
(
    [identifier] => admin
    [password] => admin@waterbill.ng
)

2025-11-02 12:14:03 - Request: Array
(
    [identifier] => admin
    [password] => admin@waterbill.ng
)

2025-11-02 12:14:59 - Request: Array
(
    [identifier] => admin2
    [password] => admin@waterbill.ng
)

2025-11-02 13:46:06 - Request: Array
(
    [identifier] => ThatNewGuy23
    [password] => SonicTheHedgehog
)

2025-11-02 14:03:10 - Request: Array
(
    [identifier] => ThatNewGuy23
    [password] => SonicTheHedgehog
)

2025-11-02 14:03:43 - Request: Array
(
    [identifier] => ThatNewGuy23
    [password] => SonicTheHedgehog
)

2025-11-02 14:05:17 - Request: Array
(
    [identifier] => ThatNewGuy23
    [password] => SonicTheHedgehog
)

2025-11-02 14:08:39 - Request: Array
(
    [identifier] => ThatNewGuy23
    [password] => SonicTheHedgehog
)

2025-11-02 14:16:54 - Request: Array
(
    [identifier] => ThatNewGuy23
    [password] => SonicTheHedgehog
)

2025-11-02 14:19:24 - Request: Array
(
    [identifier] => ThatNewGuy23
    [password] => SonicTheHedgehog
)

2025-11-02 14:20:24 - Request: Array
(
    [identifier] => ThatNewGuy23
    [password] => SonicTheHedgehog
)

2025-11-02 14:22:46 - Request: Array
(
    [identifier] => ThatNewGuy23
    [password] => SonicTheHedgehog
)

2025-11-02 14:27:23 - Request: Array
(
    [identifier] => ThatNewGuy23
    [password] => SonicTheHedgehog
)

2025-11-02 14:28:26 - Request: Array
(
    [identifier] => ThatNewGuy23
    [password] => SonicTheHedgehog
)

2025-11-02 14:31:30 - Request: Array
(
    [identifier] => ThatNewGuy23
    [password] => SonicTheHedgehog
)

2025-11-02 14:36:14 - Request: Array
(
    [identifier] => ThatNewGuy23
    [password] => SonicTheHedgehog
)

2025-11-02 14:39:44 - Request: Array
(
    [identifier] => ThatNewGuy23
    [password] => SonicTheHedgehog
)

2025-11-02 14:40:40 - Request: Array
(
    [identifier] => ThatNewGuy23
    [password] => SonicTheHedgehog
)

2025-11-02 14:41:06 - Request: Array
(
    [identifier] => ThatNewGuy23
    [password] => SonicTheHedgehog
)

2025-11-02 14:42:35 - Request: Array
(
    [identifier] => ThatNewGuy23
    [password] => SonicTheHedgehog
)

2025-11-02 14:42:41 - Request: Array
(
    [identifier] => ThatNewGuy23
    [password] => SonicTheHedgehog
)

2025-11-02 14:42:50 - Request: Array
(
    [identifier] => ThatNewGuy23
    [password] => SonicTheHedgehog
)

2025-11-02 14:48:06 - Request: Array
(
    [identifier] => ThatNewGuy23
    [password] => SonicTheHedgehog
)

2025-11-02 14:54:29 - Request: Array
(
    [identifier] => ThatNewGuy23
    [password] => SonicTheHedgehog
)

2025-11-02 14:56:12 - Request: Array
(
    [identifier] => ThatNewGuy23
    [password] => SonicTheHedgehog
)

2025-11-02 14:57:57 - Request: Array
(
    [identifier] => ThatNewGuy23
    [password] => SonicTheHedgehog
)

2025-11-02 14:58:25 - Request: Array
(
    [identifier] => ThatNewGuy23
    [password] => SonicTheHedgehog
)

2025-11-02 14:59:47 - Request: Array
(
    [identifier] => ThatNewGuy23
    [password] => SonicTheHedgehog
)

2025-11-02 15:00:17 - Request: Array
(
    [identifier] => ThatNewGuy23
    [password] => SonicTheHedgehog
)

2025-11-02 15:00:27 - Request: Array
(
    [identifier] => Chalce
    [password] => ShadowFight2
)

2025-11-02 15:01:34 - Request: Array
(
    [identifier] => Chalce
    [password] => ShadowFight2
)

2025-11-02 15:03:18 - Request: Array
(
    [identifier] => Chalce
    [password] => ShadowFight2
)

2025-11-02 15:04:12 - Request: Array
(
    [identifier] => Chalce
    [password] => ShadowFight2
)

2025-11-02 15:07:44 - Request: Array
(
    [identifier] => Chalce
    [password] => ShadowFight2
)

2025-11-02 15:08:32 - Request: Array
(
    [identifier] => Chalce
    [password] => ShadowFight2
)

2025-11-06 11:02:26 - Request: Array
(
)

2025-11-06 11:03:38 - Request: Array
(
)

2025-11-06 11:08:44 - Request: Array
(
)

2025-11-06 11:09:12 - Request: Array
(
)

2025-11-06 11:09:20 - Request: Array
(
)

2025-11-06 11:14:25 - Request: Array
(
    [identifier] => David23
    [password] => ShadowFightArena
)

